<?xml version="1.0" encoding="UTF-8"?>
<testng-results ignored="0" total="1" passed="1" failed="0" skipped="0">
  <reporter-output>
  </reporter-output>
  <suite started-at="2018-11-08T06:48:42Z" name="Default suite" finished-at="2018-11-08T06:48:54Z" duration-ms="11976">
    <groups>
    </groups>
    <test started-at="2018-11-08T06:48:42Z" name="Default test" finished-at="2018-11-08T06:48:54Z" duration-ms="11976">
      <class name="testcases.SearchInSearchBox">
        <test-method signature="homePageSearchBox()[pri:0, instance:testcases.SearchInSearchBox@4988d8b8]" started-at="2018-11-08T06:48:42Z" name="homePageSearchBox" finished-at="2018-11-08T06:48:54Z" duration-ms="11925" status="PASS">
          <reporter-output>
          </reporter-output>
        </test-method> <!-- homePageSearchBox -->
      </class> <!-- testcases.SearchInSearchBox -->
    </test> <!-- Default test -->
  </suite> <!-- Default suite -->
</testng-results>
