<?xml version="1.0" encoding="UTF-8"?>
<!-- Generated by org.testng.reporters.JUnitXMLReporter -->
<testsuite ignored="0" hostname="DESKTOP-SL4OV3D" failures="0" tests="3" name="Default test" time="0.772" errors="0" timestamp="17 Nov 2018 03:32:14 GMT">
  <testcase classname="ReadDataFromXcelSheetUsingDataProviderAnnotation.TestNgDataProviderAnnotation.ReadDataFromExcelUsingTestNgTest" name="integrationTest" time="0.012"/>
  <testcase classname="ReadDataFromXcelSheetUsingDataProviderAnnotation.TestNgDataProviderAnnotation.ReadDataFromExcelUsingTestNgTest" name="integrationTest" time="0.003"/>
  <testcase classname="ReadDataFromXcelSheetUsingDataProviderAnnotation.TestNgDataProviderAnnotation.ReadDataFromExcelUsingTestNgTest" name="integrationTest" time="0.004"/>
</testsuite> <!-- Default test -->
