<?xml version="1.0" encoding="UTF-8"?>
<testng-results ignored="0" total="3" passed="3" failed="0" skipped="0">
  <reporter-output>
  </reporter-output>
  <suite started-at="2018-11-17T03:32:13Z" name="Default suite" finished-at="2018-11-17T03:32:14Z" duration-ms="772">
    <groups>
    </groups>
    <test started-at="2018-11-17T03:32:13Z" name="Default test" finished-at="2018-11-17T03:32:14Z" duration-ms="772">
      <class name="ReadDataFromXcelSheetUsingDataProviderAnnotation.TestNgDataProviderAnnotation.ReadDataFromExcelUsingTestNgTest">
        <test-method signature="integrationTest(java.util.Map)[pri:0, instance:ReadDataFromXcelSheetUsingDataProviderAnnotation.TestNgDataProviderAnnotation.ReadDataFromExcelUsingTestNgTest@43c1b556]" started-at="2018-11-17T03:32:14Z" name="integrationTest" data-provider="data" finished-at="2018-11-17T03:32:14Z" duration-ms="12" status="PASS">
          <params>
            <param index="0">
              <value>
                <![CDATA[{password=abc, dob=dob1, username=user1}]]>
              </value>
            </param>
          </params>
          <reporter-output>
          </reporter-output>
        </test-method> <!-- integrationTest -->
        <test-method signature="integrationTest(java.util.Map)[pri:0, instance:ReadDataFromXcelSheetUsingDataProviderAnnotation.TestNgDataProviderAnnotation.ReadDataFromExcelUsingTestNgTest@43c1b556]" started-at="2018-11-17T03:32:14Z" name="integrationTest" data-provider="data" finished-at="2018-11-17T03:32:14Z" duration-ms="3" status="PASS">
          <params>
            <param index="0">
              <value>
                <![CDATA[{password=def, dob=dob2, username=user2}]]>
              </value>
            </param>
          </params>
          <reporter-output>
          </reporter-output>
        </test-method> <!-- integrationTest -->
        <test-method signature="integrationTest(java.util.Map)[pri:0, instance:ReadDataFromXcelSheetUsingDataProviderAnnotation.TestNgDataProviderAnnotation.ReadDataFromExcelUsingTestNgTest@43c1b556]" started-at="2018-11-17T03:32:14Z" name="integrationTest" data-provider="data" finished-at="2018-11-17T03:32:14Z" duration-ms="4" status="PASS">
          <params>
            <param index="0">
              <value>
                <![CDATA[{password=ghi, dob=dob3, username=user3}]]>
              </value>
            </param>
          </params>
          <reporter-output>
          </reporter-output>
        </test-method> <!-- integrationTest -->
      </class> <!-- ReadDataFromXcelSheetUsingDataProviderAnnotation.TestNgDataProviderAnnotation.ReadDataFromExcelUsingTestNgTest -->
    </test> <!-- Default test -->
  </suite> <!-- Default suite -->
</testng-results>
