<?xml version="1.0" encoding="UTF-8"?>
<!-- Generated by org.testng.reporters.JUnitXMLReporter -->
<testsuite ignored="4" hostname="DESKTOP-SL4OV3D" failures="0" tests="1" name="car Loan" time="0.017" errors="0" timestamp="10 Nov 2018 00:36:21 GMT">
  <testcase classname="test.CarLoan" name="APILogin" time="0.009"/>
  <testcase classname="test.CarLoan" name="mobileLogin" time="0.0">
    <ignored/>
  </testcase> <!-- mobileLogin -->
  <testcase classname="test.CarLoan" name="WebLogin" time="0.0">
    <ignored/>
  </testcase> <!-- WebLogin -->
  <testcase classname="test.CarLoan" name="mobileSignin" time="0.0">
    <ignored/>
  </testcase> <!-- mobileSignin -->
  <testcase classname="test.CarLoan" name="mobileLogOut" time="0.0">
    <ignored/>
  </testcase> <!-- mobileLogOut -->
</testsuite> <!-- car Loan -->
