<?xml version="1.0" encoding="UTF-8"?>
<!-- Generated by org.testng.reporters.JUnitXMLReporter -->
<testsuite ignored="7" hostname="DESKTOP-SL4OV3D" failures="0" tests="4" name="Personal Loan" time="0.048" errors="0" timestamp="10 Nov 2018 00:41:31 GMT">
  <testcase classname="test.IntrodutionTestcase" name="demo" time="0.016"/>
  <testcase classname="test.SecondClassFile" name="testcase" time="0.0"/>
  <testcase classname="test.HomeLoan" name="WebLogin" time="0.0"/>
  <testcase classname="test.CarLoan" name="mobileLogin" time="0.0"/>
  <testcase classname="test.IntrodutionTestcase" name="SecondTestCase" time="0.0">
    <ignored/>
  </testcase> <!-- SecondTestCase -->
  <testcase classname="test.HomeLoan" name="APILogin" time="0.0">
    <ignored/>
  </testcase> <!-- APILogin -->
  <testcase classname="test.CarLoan" name="WebLogin" time="0.0">
    <ignored/>
  </testcase> <!-- WebLogin -->
  <testcase classname="test.CarLoan" name="mobileSignin" time="0.0">
    <ignored/>
  </testcase> <!-- mobileSignin -->
  <testcase classname="test.CarLoan" name="mobileLogOut" time="0.0">
    <ignored/>
  </testcase> <!-- mobileLogOut -->
  <testcase classname="test.CarLoan" name="APILogin" time="0.0">
    <ignored/>
  </testcase> <!-- APILogin -->
  <testcase classname="test.HomeLoan" name="mobileLogin" time="0.0">
    <ignored/>
  </testcase> <!-- mobileLogin -->
</testsuite> <!-- Personal Loan -->
