<?xml version="1.0" encoding="UTF-8"?>
<!-- Generated by org.testng.reporters.JUnitXMLReporter -->
<testsuite ignored="0" hostname="DESKTOP-SL4OV3D" failures="0" tests="3" name="Test" time="0.048" errors="0" timestamp="01 Nov 2018 22:49:15 GMT">
  <testcase classname="test.IntrodutionTestcase" name="SecondTestCase" time="0.016"/>
  <testcase classname="test.IntrodutionTestcase" name="demo" time="0.0"/>
  <testcase classname="test.SecondClassFile" name="testcase" time="0.0"/>
</testsuite> <!-- Test -->
